<?xml version="1.0" encoding="UTF-8"?>
<testsuite name="is.ru.tictactoe.TicTacToeTest" tests="18" skipped="0" failures="0" errors="0" timestamp="2016-10-29T19:37:59" hostname="clients-pool-1.nat.ru.is" time="0.075">
  <properties/>
  <testcase name="testWinnerHorizontalTop" classname="is.ru.tictactoe.TicTacToeTest" time="0.054"/>
  <testcase name="testWinnerDiagonalDown" classname="is.ru.tictactoe.TicTacToeTest" time="0.001"/>
  <testcase name="TestCharInput" classname="is.ru.tictactoe.TicTacToeTest" time="0.001"/>
  <testcase name="testInitializeBoard" classname="is.ru.tictactoe.TicTacToeTest" time="0.001"/>
  <testcase name="testWinnerVerticalLeft" classname="is.ru.tictactoe.TicTacToeTest" time="0.001"/>
  <testcase name="TestLargeInput" classname="is.ru.tictactoe.TicTacToeTest" time="0.001"/>
  <testcase name="testAlreadyTakenSpot" classname="is.ru.tictactoe.TicTacToeTest" time="0.001"/>
  <testcase name="TestInput" classname="is.ru.tictactoe.TicTacToeTest" time="0.001"/>
  <testcase name="testCorrectAnswerInTurn" classname="is.ru.tictactoe.TicTacToeTest" time="0.001"/>
  <testcase name="testIfPlayerIsO" classname="is.ru.tictactoe.TicTacToeTest" time="0.001"/>
  <testcase name="testIfDraw" classname="is.ru.tictactoe.TicTacToeTest" time="0.001"/>
  <testcase name="testWinnerVerticalRight" classname="is.ru.tictactoe.TicTacToeTest" time="0.0"/>
  <testcase name="testWinnerHorizontalBottom" classname="is.ru.tictactoe.TicTacToeTest" time="0.001"/>
  <testcase name="testWinnerVerticalMiddle" classname="is.ru.tictactoe.TicTacToeTest" time="0.001"/>
  <testcase name="testWrongInputPlayer" classname="is.ru.tictactoe.TicTacToeTest" time="0.001"/>
  <testcase name="testIfWinner" classname="is.ru.tictactoe.TicTacToeTest" time="0.001"/>
  <testcase name="testWinnerDiagonalUp" classname="is.ru.tictactoe.TicTacToeTest" time="0.0"/>
  <testcase name="testWinnerHorizontalMiddle" classname="is.ru.tictactoe.TicTacToeTest" time="0.001"/>
  <system-out><![CDATA[]]></system-out>
  <system-err><![CDATA[]]></system-err>
</testsuite>
