<?xml version="1.0" encoding="UTF-8"?>
<testsuite name="is.ru.tictactoe.GameTest" tests="1" skipped="0" failures="0" errors="0" timestamp="2016-10-26T12:38:34" hostname="clients-pool-1.nat.ru.is" time="0.001">
  <properties/>
  <testcase name="testInitializeBoard" classname="is.ru.tictactoe.GameTest" time="0.001"/>
  <system-out><![CDATA[]]></system-out>
  <system-err><![CDATA[]]></system-err>
</testsuite>
